0 info it worked if it ends with ok
1 verbose cli [ '/usr/local/bin/node',
1 verbose cli   '/usr/local/bin/npm',
1 verbose cli   'run',
1 verbose cli   'transpile' ]
2 info using npm@3.9.0
3 info using node@v5.3.0
4 verbose run-script [ 'pretranspile', 'transpile', 'posttranspile' ]
5 info lifecycle es6@1.0.0~pretranspile: es6@1.0.0
6 silly lifecycle es6@1.0.0~pretranspile: no script for pretranspile, continuing
7 info lifecycle es6@1.0.0~transpile: es6@1.0.0
8 verbose lifecycle es6@1.0.0~transpile: unsafe-perm in lifecycle true
9 verbose lifecycle es6@1.0.0~transpile: PATH: /usr/local/lib/node_modules/npm/bin/node-gyp-bin:/Users/nagabhushanamn/Desktop/react/batch2/ES6 - learn/node_modules/.bin:/usr/local/bin:/Users/nagabhushanamn/bin/Sencha/Cmd/6.1.3.42:/usr/local/bin:/usr/bin:/bin:/usr/sbin:/sbin:/Users/nagabhushanamn/mongodb/bin:/Applications/Sencha/Test/1_0_2_151/stc
10 verbose lifecycle es6@1.0.0~transpile: CWD: /Users/nagabhushanamn/Desktop/react/batch2/ES6 - learn
11 silly lifecycle es6@1.0.0~transpile: Args: [ '-c', 'babel --watch src -d dist' ]
12 silly lifecycle es6@1.0.0~transpile: Returned: code: 2  signal: null
13 info lifecycle es6@1.0.0~transpile: Failed to exec transpile script
14 verbose stack Error: es6@1.0.0 transpile: `babel --watch src -d dist`
14 verbose stack Exit status 2
14 verbose stack     at EventEmitter.<anonymous> (/usr/local/lib/node_modules/npm/lib/utils/lifecycle.js:245:16)
14 verbose stack     at emitTwo (events.js:87:13)
14 verbose stack     at EventEmitter.emit (events.js:172:7)
14 verbose stack     at ChildProcess.<anonymous> (/usr/local/lib/node_modules/npm/lib/utils/spawn.js:24:14)
14 verbose stack     at emitTwo (events.js:87:13)
14 verbose stack     at ChildProcess.emit (events.js:172:7)
14 verbose stack     at maybeClose (internal/child_process.js:818:16)
14 verbose stack     at Process.ChildProcess._handle.onexit (internal/child_process.js:211:5)
15 verbose pkgid es6@1.0.0
16 verbose cwd /Users/nagabhushanamn/Desktop/react/batch2/ES6 - learn
17 error Darwin 15.5.0
18 error argv "/usr/local/bin/node" "/usr/local/bin/npm" "run" "transpile"
19 error node v5.3.0
20 error npm  v3.9.0
21 error code ELIFECYCLE
22 error es6@1.0.0 transpile: `babel --watch src -d dist`
22 error Exit status 2
23 error Failed at the es6@1.0.0 transpile script 'babel --watch src -d dist'.
23 error Make sure you have the latest version of node.js and npm installed.
23 error If you do, this is most likely a problem with the es6 package,
23 error not with npm itself.
23 error Tell the author that this fails on your system:
23 error     babel --watch src -d dist
23 error You can get information on how to open an issue for this project with:
23 error     npm bugs es6
23 error Or if that isn't available, you can get their info via:
23 error     npm owner ls es6
23 error There is likely additional logging output above.
24 verbose exit [ 1, true ]
